[W 171223 13:03:15 web:2063] 405 OPTIONS /register (::1) 30.33ms
[I 171223 13:05:42 autoreload:198] server.py modified; restarting server
[W 171223 13:06:53 web:2063] 405 OPTIONS /register (::1) 1.82ms
[I 171223 13:08:38 autoreload:198] jwt_server.py modified; restarting server
[I 171223 13:08:47 web:2063] 204 OPTIONS /register (::1) 0.71ms
[I 171223 13:08:52 web:2063] 204 OPTIONS /register (::1) 0.51ms
[I 171223 13:13:29 web:2063] 204 OPTIONS /register (127.0.0.1) 0.82ms
[I 171223 13:16:23 autoreload:198] jwt_server.py modified; restarting server
[I 171223 13:21:35 web:2063] 204 OPTIONS /register (::1) 0.72ms
[I 171223 13:21:46 web:2063] 204 OPTIONS /register (::1) 0.52ms
[I 171223 13:25:42 autoreload:198] jwt_server.py modified; restarting server
[I 171223 13:26:09 autoreload:198] jwt_server.py modified; restarting server
[I 171223 13:33:34 web:2063] 204 OPTIONS /register (::1) 0.64ms
[E 171223 13:33:34 web:1590] Uncaught exception POST /register (::1)
    HTTPServerRequest(protocol='http', host='localhost:8881', method='POST', uri='/register', version='HTTP/1.1', remote_ip='::1', headers={'Origin': 'http://localhost:3000', 'Content-Length': '43', 'Accept-Language': 'en-US,en;q=0.9', 'Accept-Encoding': 'gzip, deflate, br', 'Host': 'localhost:8881', 'Accept': 'application/json, text/plain, */*', 'User-Agent': 'Mozilla/5.0 (X11; Linux i686) AppleWebKit/537.36 (KHTML, like Gecko) Ubuntu Chromium/62.0.3202.94 Chrome/62.0.3202.94 Safari/537.36', 'Connection': 'keep-alive', 'Referer': 'http://localhost:3000/register', 'Content-Type': 'application/json;charset=UTF-8'})
    Traceback (most recent call last):
      File "/home/gloryofrobots/develop/sandbox/.venv/local/lib/python2.7/site-packages/tornado/web.py", line 1511, in _execute
        result = yield result
      File "/home/gloryofrobots/develop/sandbox/.venv/local/lib/python2.7/site-packages/tornado/gen.py", line 1055, in run
        value = future.result()
      File "/home/gloryofrobots/develop/sandbox/.venv/local/lib/python2.7/site-packages/tornado/concurrent.py", line 238, in result
        raise_exc_info(self._exc_info)
      File "/home/gloryofrobots/develop/sandbox/.venv/local/lib/python2.7/site-packages/tornado/gen.py", line 292, in wrapper
        result = func(*args, **kwargs)
    TypeError: post() takes exactly 2 arguments (1 given)
[E 171223 13:33:34 web:2063] 500 POST /register (::1) 66.12ms
[I 171223 13:33:49 web:2063] 204 OPTIONS /register (::1) 0.50ms
[E 171223 13:33:49 web:1590] Uncaught exception POST /register (::1)
    HTTPServerRequest(protocol='http', host='localhost:8881', method='POST', uri='/register', version='HTTP/1.1', remote_ip='::1', headers={'Origin': 'http://localhost:3000', 'Content-Length': '43', 'Accept-Language': 'en-US,en;q=0.9', 'Accept-Encoding': 'gzip, deflate, br', 'Host': 'localhost:8881', 'Accept': 'application/json, text/plain, */*', 'User-Agent': 'Mozilla/5.0 (X11; Linux i686) AppleWebKit/537.36 (KHTML, like Gecko) Ubuntu Chromium/62.0.3202.94 Chrome/62.0.3202.94 Safari/537.36', 'Connection': 'keep-alive', 'Referer': 'http://localhost:3000/register', 'Content-Type': 'application/json;charset=UTF-8'})
    Traceback (most recent call last):
      File "/home/gloryofrobots/develop/sandbox/.venv/local/lib/python2.7/site-packages/tornado/web.py", line 1511, in _execute
        result = yield result
      File "/home/gloryofrobots/develop/sandbox/.venv/local/lib/python2.7/site-packages/tornado/gen.py", line 1055, in run
        value = future.result()
      File "/home/gloryofrobots/develop/sandbox/.venv/local/lib/python2.7/site-packages/tornado/concurrent.py", line 238, in result
        raise_exc_info(self._exc_info)
      File "/home/gloryofrobots/develop/sandbox/.venv/local/lib/python2.7/site-packages/tornado/gen.py", line 292, in wrapper
        result = func(*args, **kwargs)
    TypeError: post() takes exactly 2 arguments (1 given)
[E 171223 13:33:49 web:2063] 500 POST /register (::1) 1.57ms
[I 171223 13:34:48 autoreload:198] jwt_server.py modified; restarting server
[I 171223 13:34:52 web:2063] 204 OPTIONS /register (::1) 0.69ms
[W 171223 13:34:52 web:1587] 400 POST /register (::1): Missing argument message
[W 171223 13:34:52 web:2063] 400 POST /register (::1) 3.26ms
[I 171223 13:35:47 autoreload:198] jwt_server.py modified; restarting server
[I 171223 13:35:48 web:2063] 200 OPTIONS /register (::1) 0.78ms
[W 171223 13:35:48 web:1587] 400 POST /register (::1): Missing argument message
[W 171223 13:35:48 web:2063] 400 POST /register (::1) 3.06ms
[W 171223 13:35:51 web:1587] 400 POST /register (::1): Missing argument message
[W 171223 13:35:51 web:2063] 400 POST /register (::1) 1.37ms
[I 171223 13:37:07 web:2063] 200 OPTIONS /register (::1) 0.67ms
[W 171223 13:37:07 web:1587] 400 POST /register (::1): Missing argument message
[W 171223 13:37:07 web:2063] 400 POST /register (::1) 3.07ms
[I 171223 13:37:13 web:2063] 200 OPTIONS /register (::1) 0.65ms
[W 171223 13:37:13 web:1587] 400 POST /register (::1): Missing argument message
[W 171223 13:37:13 web:2063] 400 POST /register (::1) 1.37ms
[W 171223 13:37:14 web:1587] 400 POST /register (::1): Missing argument message
[W 171223 13:37:14 web:2063] 400 POST /register (::1) 1.61ms
[I 171223 13:37:24 web:2063] 200 OPTIONS /register (::1) 0.49ms
[W 171223 13:37:24 web:1587] 400 POST /register (::1): Missing argument message
[W 171223 13:37:24 web:2063] 400 POST /register (::1) 1.55ms
[I 171223 13:38:23 autoreload:198] jwt_server.py modified; restarting server
[I 171223 13:39:00 autoreload:198] jwt_server.py modified; restarting server
[I 171223 13:39:09 autoreload:198] jwt_server.py modified; restarting server
[I 171223 13:39:26 web:2063] 200 OPTIONS /register (::1) 0.69ms
[E 171223 13:39:26 web:1590] Uncaught exception POST /register (::1)
    HTTPServerRequest(protocol='http', host='localhost:8881', method='POST', uri='/register', version='HTTP/1.1', remote_ip='::1', headers={'Origin': 'http://localhost:3000', 'Content-Length': '40', 'Accept-Language': 'en-US,en;q=0.9', 'Accept-Encoding': 'gzip, deflate, br', 'Host': 'localhost:8881', 'Accept': 'application/json, text/plain, */*', 'User-Agent': 'Mozilla/5.0 (X11; Linux i686) AppleWebKit/537.36 (KHTML, like Gecko) Ubuntu Chromium/62.0.3202.94 Chrome/62.0.3202.94 Safari/537.36', 'Connection': 'keep-alive', 'Referer': 'http://localhost:3000/register', 'Content-Type': 'application/json;charset=UTF-8'})
    Traceback (most recent call last):
      File "/home/gloryofrobots/develop/sandbox/.venv/local/lib/python2.7/site-packages/tornado/web.py", line 1511, in _execute
        result = yield result
      File "/home/gloryofrobots/develop/sandbox/.venv/local/lib/python2.7/site-packages/tornado/gen.py", line 1055, in run
        value = future.result()
      File "/home/gloryofrobots/develop/sandbox/.venv/local/lib/python2.7/site-packages/tornado/concurrent.py", line 238, in result
        raise_exc_info(self._exc_info)
      File "/home/gloryofrobots/develop/sandbox/.venv/local/lib/python2.7/site-packages/tornado/gen.py", line 292, in wrapper
        result = func(*args, **kwargs)
      File "jwt_server.py", line 44, in post
        print self.get_body_arguments()
    TypeError: get_body_arguments() takes at least 2 arguments (1 given)
[E 171223 13:39:26 web:2063] 500 POST /register (::1) 35.12ms
[I 171223 13:39:36 web:2063] 200 OPTIONS /register (::1) 0.51ms
[E 171223 13:39:36 web:1590] Uncaught exception POST /register (::1)
    HTTPServerRequest(protocol='http', host='localhost:8881', method='POST', uri='/register', version='HTTP/1.1', remote_ip='::1', headers={'Origin': 'http://localhost:3000', 'Content-Length': '40', 'Accept-Language': 'en-US,en;q=0.9', 'Accept-Encoding': 'gzip, deflate, br', 'Host': 'localhost:8881', 'Accept': 'application/json, text/plain, */*', 'User-Agent': 'Mozilla/5.0 (X11; Linux i686) AppleWebKit/537.36 (KHTML, like Gecko) Ubuntu Chromium/62.0.3202.94 Chrome/62.0.3202.94 Safari/537.36', 'Connection': 'keep-alive', 'Referer': 'http://localhost:3000/register', 'Content-Type': 'application/json;charset=UTF-8'})
    Traceback (most recent call last):
      File "/home/gloryofrobots/develop/sandbox/.venv/local/lib/python2.7/site-packages/tornado/web.py", line 1511, in _execute
        result = yield result
      File "/home/gloryofrobots/develop/sandbox/.venv/local/lib/python2.7/site-packages/tornado/gen.py", line 1055, in run
        value = future.result()
      File "/home/gloryofrobots/develop/sandbox/.venv/local/lib/python2.7/site-packages/tornado/concurrent.py", line 238, in result
        raise_exc_info(self._exc_info)
      File "/home/gloryofrobots/develop/sandbox/.venv/local/lib/python2.7/site-packages/tornado/gen.py", line 292, in wrapper
        result = func(*args, **kwargs)
      File "jwt_server.py", line 44, in post
        print self.get_body_arguments()
    TypeError: get_body_arguments() takes at least 2 arguments (1 given)
[E 171223 13:39:36 web:2063] 500 POST /register (::1) 1.70ms
[I 171223 13:40:12 autoreload:198] jwt_server.py modified; restarting server
[I 171223 13:42:24 web:2063] 200 OPTIONS /register (::1) 0.64ms
[W 171223 13:42:24 web:1587] 400 POST /register (::1): Missing argument username
[W 171223 13:42:24 web:2063] 400 POST /register (::1) 3.35ms
[I 171223 13:58:20 autoreload:198] jwt_server.py modified; restarting server
[E 171223 13:58:24 web:1590] Uncaught exception OPTIONS /register (::1)
    HTTPServerRequest(protocol='http', host='localhost:8881', method='OPTIONS', uri='/register', version='HTTP/1.1', remote_ip='::1', headers={'Origin': 'http://localhost:3000', 'Accept-Language': 'en-US,en;q=0.9', 'Accept-Encoding': 'gzip, deflate, br', 'Access-Control-Request-Headers': 'content-type', 'Host': 'localhost:8881', 'Accept': '*/*', 'User-Agent': 'Mozilla/5.0 (X11; Linux i686) AppleWebKit/537.36 (KHTML, like Gecko) Ubuntu Chromium/62.0.3202.94 Chrome/62.0.3202.94 Safari/537.36', 'Access-Control-Request-Method': 'POST', 'Connection': 'keep-alive'})
    Traceback (most recent call last):
      File "/home/gloryofrobots/develop/sandbox/.venv/local/lib/python2.7/site-packages/tornado/web.py", line 1488, in _execute
        result = self.prepare()
      File "jwt_server.py", line 42, in prepare
        if self.request.headers["Content-Type"].startswith("application/json"):
      File "/home/gloryofrobots/develop/sandbox/.venv/local/lib/python2.7/site-packages/tornado/httputil.py", line 217, in __getitem__
        return self._dict[_normalized_headers[name]]
    KeyError: 'Content-Type'
[E 171223 13:58:24 web:2063] 500 OPTIONS /register (::1) 14.89ms
[I 171223 13:59:14 autoreload:198] jwt_server.py modified; restarting server
[D 171223 13:59:24 jwt_server:42] Origin: http://localhost:3000
    Accept-Language: en-US,en;q=0.9
    Accept-Encoding: gzip, deflate, br
    Access-Control-Request-Headers: content-type
    Connection: keep-alive
    Accept: */*
    User-Agent: Mozilla/5.0 (X11; Linux i686) AppleWebKit/537.36 (KHTML, like Gecko) Ubuntu Chromium/62.0.3202.94 Chrome/62.0.3202.94 Safari/537.36
    Access-Control-Request-Method: POST
    Host: localhost:8881
    
[E 171223 13:59:24 web:1590] Uncaught exception OPTIONS /register (::1)
    HTTPServerRequest(protocol='http', host='localhost:8881', method='OPTIONS', uri='/register', version='HTTP/1.1', remote_ip='::1', headers={'Origin': 'http://localhost:3000', 'Accept-Language': 'en-US,en;q=0.9', 'Accept-Encoding': 'gzip, deflate, br', 'Access-Control-Request-Headers': 'content-type', 'Host': 'localhost:8881', 'Accept': '*/*', 'User-Agent': 'Mozilla/5.0 (X11; Linux i686) AppleWebKit/537.36 (KHTML, like Gecko) Ubuntu Chromium/62.0.3202.94 Chrome/62.0.3202.94 Safari/537.36', 'Access-Control-Request-Method': 'POST', 'Connection': 'keep-alive'})
    Traceback (most recent call last):
      File "/home/gloryofrobots/develop/sandbox/.venv/local/lib/python2.7/site-packages/tornado/web.py", line 1488, in _execute
        result = self.prepare()
      File "jwt_server.py", line 43, in prepare
        if self.request.headers["Content-Type"].startswith("application/json"):
      File "/home/gloryofrobots/develop/sandbox/.venv/local/lib/python2.7/site-packages/tornado/httputil.py", line 217, in __getitem__
        return self._dict[_normalized_headers[name]]
    KeyError: 'Content-Type'
[E 171223 13:59:24 web:2063] 500 OPTIONS /register (::1) 2.99ms
[I 171223 13:59:45 autoreload:198] jwt_server.py modified; restarting server
[I 171223 14:00:09 autoreload:198] jwt_server.py modified; restarting server
[I 171223 14:00:18 web:2063] 200 OPTIONS /register (::1) 0.74ms
[I 171223 14:00:18 web:2063] 200 POST /register (::1) 0.83ms
[I 171223 17:38:33 autoreload:198] jwt_server.py modified; restarting server
[I 171223 17:41:44 autoreload:198] jwt_server.py modified; restarting server
[I 171223 17:43:44 autoreload:198] jwt_server.py modified; restarting server
[I 171223 17:43:49 web:2063] 200 OPTIONS /register (::1) 0.78ms
[I 171223 17:43:49 web:2063] 200 POST /register (::1) 0.78ms
[I 171223 17:44:01 autoreload:198] jwt_server.py modified; restarting server
[I 171223 17:44:03 web:2063] 200 OPTIONS /register (::1) 0.64ms
[I 171223 17:44:03 web:2063] 200 POST /register (::1) 0.94ms
